<?xml version="1.0" encoding="UTF-8"?>
<!--
  ~ DO NOT ALTER OR REMOVE COPYRIGHT NOTICES OR THIS HEADER.
  ~
  ~ Copyright (c) 2013-2014 sagyf Yang. The Four Group.
  -->

<sqlGroup name="test">
    <sql id="slqinxml">
      SELECT * FROM table_abc
    </sql>
</sqlGroup>