<sqlGroup name="test">
  <sql id="test1">
    select *
    <where>
      from table
      <condition>
        where abc=?
      </condition>
    </where>
  </sql>
  <sql id="test2">
    select *
    <where>
      from table
    </where>
  </sql>
  <sql id="test3">
    select *
      from table
  </sql>
</sqlGroup>