<?xml version="1.0" encoding="UTF-8"?>
<sqlGroup name="test">
  <sql id="test1">
    <![CDATA[
    select *
    -- @where
      from table where 1=1
      -- @condition
        <#if (ab==1)!false> and abc=#ab# </#if> order by create_time
     ]]>
  </sql>
  <sql id="test2">
    select *
       -- @where
      from table
  </sql>
  <sql id="test3">
    select *
      from table
  </sql>
</sqlGroup>