<?xml version="1.0" encoding="UTF-8"?>
<sqlGroup name="test">
  <sql id="test1">
    select *
    <where>
      from table where
      <condition>
         abc=?
      </condition>
    </where>
  </sql>
  <sql id="test2">
    select *
    <where>
      from table
    </where>
  </sql>
  <sql id="test3">
    select *
      from table
  </sql>
</sqlGroup>